The system is: Darwin - 12.2.1 - i386
Compiling the C compiler identification source file "CMakeCCompilerId.c" succeeded.
Compiler: /usr/bin/cc 
Build flags: 
Id flags: 

The output was:
0


Compilation of the C compiler identification source "CMakeCCompilerId.c" produced "a.out"

The C compiler identification is Clang, found in "/Users/chengtai/Documents/MOTR/milestones/opencv/CMakeFiles/2.8.12.2/CompilerIdC/a.out"

Compiling the CXX compiler identification source file "CMakeCXXCompilerId.cpp" succeeded.
Compiler: /usr/bin/c++ 
Build flags: 
Id flags: 

The output was:
0


Compilation of the CXX compiler identification source "CMakeCXXCompilerId.cpp" produced "a.out"

The CXX compiler identification is Clang, found in "/Users/chengtai/Documents/MOTR/milestones/opencv/CMakeFiles/2.8.12.2/CompilerIdCXX/a.out"

Determining if the C compiler works passed with the following output:
Change Dir: /Users/chengtai/Documents/MOTR/milestones/opencv/CMakeFiles/CMakeTmp

Run Build Command:/usr/bin/make "cmTryCompileExec243682096/fast"
/usr/bin/make -f CMakeFiles/cmTryCompileExec243682096.dir/build.make CMakeFiles/cmTryCompileExec243682096.dir/build
/usr/local/Cellar/cmake/2.8.12.2/bin/cmake -E cmake_progress_report /Users/chengtai/Documents/MOTR/milestones/opencv/CMakeFiles/CMakeTmp/CMakeFiles 1
Building C object CMakeFiles/cmTryCompileExec243682096.dir/testCCompiler.c.o
/usr/bin/cc    -o CMakeFiles/cmTryCompileExec243682096.dir/testCCompiler.c.o   -c /Users/chengtai/Documents/MOTR/milestones/opencv/CMakeFiles/CMakeTmp/testCCompiler.c
Linking C executable cmTryCompileExec243682096
/usr/local/Cellar/cmake/2.8.12.2/bin/cmake -E cmake_link_script CMakeFiles/cmTryCompileExec243682096.dir/link.txt --verbose=1
/usr/bin/cc    -Wl,-search_paths_first -Wl,-headerpad_max_install_names   CMakeFiles/cmTryCompileExec243682096.dir/testCCompiler.c.o  -o cmTryCompileExec243682096  


Detecting C compiler ABI info compiled with the following output:
Change Dir: /Users/chengtai/Documents/MOTR/milestones/opencv/CMakeFiles/CMakeTmp

Run Build Command:/usr/bin/make "cmTryCompileExec2198661848/fast"
/usr/bin/make -f CMakeFiles/cmTryCompileExec2198661848.dir/build.make CMakeFiles/cmTryCompileExec2198661848.dir/build
/usr/local/Cellar/cmake/2.8.12.2/bin/cmake -E cmake_progress_report /Users/chengtai/Documents/MOTR/milestones/opencv/CMakeFiles/CMakeTmp/CMakeFiles 1
Building C object CMakeFiles/cmTryCompileExec2198661848.dir/CMakeCCompilerABI.c.o
/usr/bin/cc    -o CMakeFiles/cmTryCompileExec2198661848.dir/CMakeCCompilerABI.c.o   -c /usr/local/Cellar/cmake/2.8.12.2/share/cmake/Modules/CMakeCCompilerABI.c
Linking C executable cmTryCompileExec2198661848
/usr/local/Cellar/cmake/2.8.12.2/bin/cmake -E cmake_link_script CMakeFiles/cmTryCompileExec2198661848.dir/link.txt --verbose=1
/usr/bin/cc    -Wl,-search_paths_first -Wl,-headerpad_max_install_names -v -Wl,-v CMakeFiles/cmTryCompileExec2198661848.dir/CMakeCCompilerABI.c.o  -o cmTryCompileExec2198661848   
Apple LLVM version 4.2 (clang-425.0.28) (based on LLVM 3.2svn)
Target: x86_64-apple-darwin12.2.1
Thread model: posix
 "/usr/bin/ld" -demangle -dynamic -arch x86_64 -macosx_version_min 10.8.0 -o cmTryCompileExec2198661848 -search_paths_first -headerpad_max_install_names -v CMakeFiles/cmTryCompileExec2198661848.dir/CMakeCCompilerABI.c.o -lSystem /usr/bin/../lib/clang/4.2/lib/darwin/libclang_rt.osx.a
@(#)PROGRAM:ld  PROJECT:ld64-136
configured to support archs: armv6 armv7 armv7s i386 x86_64
Library search paths:
	/usr/lib
	/usr/local/lib
Framework search paths:
	/Library/Frameworks/
	/System/Library/Frameworks/


Parsed C implicit link information from above output:
  link line regex: [^( *|.*[/\])(ld|([^/\]+-)?ld|collect2)[^/\]*( |$)]
  ignore line: [Change Dir: /Users/chengtai/Documents/MOTR/milestones/opencv/CMakeFiles/CMakeTmp]
  ignore line: []
  ignore line: [Run Build Command:/usr/bin/make "cmTryCompileExec2198661848/fast"]
  ignore line: [/usr/bin/make -f CMakeFiles/cmTryCompileExec2198661848.dir/build.make CMakeFiles/cmTryCompileExec2198661848.dir/build]
  ignore line: [/usr/local/Cellar/cmake/2.8.12.2/bin/cmake -E cmake_progress_report /Users/chengtai/Documents/MOTR/milestones/opencv/CMakeFiles/CMakeTmp/CMakeFiles 1]
  ignore line: [Building C object CMakeFiles/cmTryCompileExec2198661848.dir/CMakeCCompilerABI.c.o]
  ignore line: [/usr/bin/cc    -o CMakeFiles/cmTryCompileExec2198661848.dir/CMakeCCompilerABI.c.o   -c /usr/local/Cellar/cmake/2.8.12.2/share/cmake/Modules/CMakeCCompilerABI.c]
  ignore line: [Linking C executable cmTryCompileExec2198661848]
  ignore line: [/usr/local/Cellar/cmake/2.8.12.2/bin/cmake -E cmake_link_script CMakeFiles/cmTryCompileExec2198661848.dir/link.txt --verbose=1]
  ignore line: [/usr/bin/cc    -Wl,-search_paths_first -Wl,-headerpad_max_install_names -v -Wl,-v CMakeFiles/cmTryCompileExec2198661848.dir/CMakeCCompilerABI.c.o  -o cmTryCompileExec2198661848   ]
  ignore line: [Apple LLVM version 4.2 (clang-425.0.28) (based on LLVM 3.2svn)]
  ignore line: [Target: x86_64-apple-darwin12.2.1]
  ignore line: [Thread model: posix]
  link line: [ "/usr/bin/ld" -demangle -dynamic -arch x86_64 -macosx_version_min 10.8.0 -o cmTryCompileExec2198661848 -search_paths_first -headerpad_max_install_names -v CMakeFiles/cmTryCompileExec2198661848.dir/CMakeCCompilerABI.c.o -lSystem /usr/bin/../lib/clang/4.2/lib/darwin/libclang_rt.osx.a]
    arg [/usr/bin/ld] ==> ignore
    arg [-demangle] ==> ignore
    arg [-dynamic] ==> ignore
    arg [-arch] ==> ignore
    arg [x86_64] ==> ignore
    arg [-macosx_version_min] ==> ignore
    arg [10.8.0] ==> ignore
    arg [-o] ==> ignore
    arg [cmTryCompileExec2198661848] ==> ignore
    arg [-search_paths_first] ==> ignore
    arg [-headerpad_max_install_names] ==> ignore
    arg [-v] ==> ignore
    arg [CMakeFiles/cmTryCompileExec2198661848.dir/CMakeCCompilerABI.c.o] ==> ignore
    arg [-lSystem] ==> lib [System]
    arg [/usr/bin/../lib/clang/4.2/lib/darwin/libclang_rt.osx.a] ==> lib [/usr/bin/../lib/clang/4.2/lib/darwin/libclang_rt.osx.a]
  Library search paths: [;/usr/lib;/usr/local/lib]
  Framework search paths: [;/Library/Frameworks/;/System/Library/Frameworks/]
  remove lib [System]
  collapse lib [/usr/bin/../lib/clang/4.2/lib/darwin/libclang_rt.osx.a] ==> [/usr/lib/clang/4.2/lib/darwin/libclang_rt.osx.a]
  collapse library dir [/usr/lib] ==> [/usr/lib]
  collapse library dir [/usr/local/lib] ==> [/usr/local/lib]
  collapse framework dir [/Library/Frameworks/] ==> [/Library/Frameworks]
  collapse framework dir [/System/Library/Frameworks/] ==> [/System/Library/Frameworks]
  implicit libs: [/usr/lib/clang/4.2/lib/darwin/libclang_rt.osx.a]
  implicit dirs: [/usr/lib;/usr/local/lib]
  implicit fwks: [/Library/Frameworks;/System/Library/Frameworks]


Determining if the CXX compiler works passed with the following output:
Change Dir: /Users/chengtai/Documents/MOTR/milestones/opencv/CMakeFiles/CMakeTmp

Run Build Command:/usr/bin/make "cmTryCompileExec1693639209/fast"
/usr/bin/make -f CMakeFiles/cmTryCompileExec1693639209.dir/build.make CMakeFiles/cmTryCompileExec1693639209.dir/build
/usr/local/Cellar/cmake/2.8.12.2/bin/cmake -E cmake_progress_report /Users/chengtai/Documents/MOTR/milestones/opencv/CMakeFiles/CMakeTmp/CMakeFiles 1
Building CXX object CMakeFiles/cmTryCompileExec1693639209.dir/testCXXCompiler.cxx.o
/usr/bin/c++     -o CMakeFiles/cmTryCompileExec1693639209.dir/testCXXCompiler.cxx.o -c /Users/chengtai/Documents/MOTR/milestones/opencv/CMakeFiles/CMakeTmp/testCXXCompiler.cxx
Linking CXX executable cmTryCompileExec1693639209
/usr/local/Cellar/cmake/2.8.12.2/bin/cmake -E cmake_link_script CMakeFiles/cmTryCompileExec1693639209.dir/link.txt --verbose=1
/usr/bin/c++     -Wl,-search_paths_first -Wl,-headerpad_max_install_names   CMakeFiles/cmTryCompileExec1693639209.dir/testCXXCompiler.cxx.o  -o cmTryCompileExec1693639209  


Detecting CXX compiler ABI info compiled with the following output:
Change Dir: /Users/chengtai/Documents/MOTR/milestones/opencv/CMakeFiles/CMakeTmp

Run Build Command:/usr/bin/make "cmTryCompileExec781371355/fast"
/usr/bin/make -f CMakeFiles/cmTryCompileExec781371355.dir/build.make CMakeFiles/cmTryCompileExec781371355.dir/build
/usr/local/Cellar/cmake/2.8.12.2/bin/cmake -E cmake_progress_report /Users/chengtai/Documents/MOTR/milestones/opencv/CMakeFiles/CMakeTmp/CMakeFiles 1
Building CXX object CMakeFiles/cmTryCompileExec781371355.dir/CMakeCXXCompilerABI.cpp.o
/usr/bin/c++     -o CMakeFiles/cmTryCompileExec781371355.dir/CMakeCXXCompilerABI.cpp.o -c /usr/local/Cellar/cmake/2.8.12.2/share/cmake/Modules/CMakeCXXCompilerABI.cpp
Linking CXX executable cmTryCompileExec781371355
/usr/local/Cellar/cmake/2.8.12.2/bin/cmake -E cmake_link_script CMakeFiles/cmTryCompileExec781371355.dir/link.txt --verbose=1
/usr/bin/c++     -Wl,-search_paths_first -Wl,-headerpad_max_install_names -v -Wl,-v CMakeFiles/cmTryCompileExec781371355.dir/CMakeCXXCompilerABI.cpp.o  -o cmTryCompileExec781371355   
Apple LLVM version 4.2 (clang-425.0.28) (based on LLVM 3.2svn)
Target: x86_64-apple-darwin12.2.1
Thread model: posix
 "/usr/bin/ld" -demangle -dynamic -arch x86_64 -macosx_version_min 10.8.0 -o cmTryCompileExec781371355 -search_paths_first -headerpad_max_install_names -v CMakeFiles/cmTryCompileExec781371355.dir/CMakeCXXCompilerABI.cpp.o -lstdc++ -lSystem /usr/bin/../lib/clang/4.2/lib/darwin/libclang_rt.osx.a
@(#)PROGRAM:ld  PROJECT:ld64-136
configured to support archs: armv6 armv7 armv7s i386 x86_64
Library search paths:
	/usr/lib
	/usr/local/lib
Framework search paths:
	/Library/Frameworks/
	/System/Library/Frameworks/


Parsed CXX implicit link information from above output:
  link line regex: [^( *|.*[/\])(ld|([^/\]+-)?ld|collect2)[^/\]*( |$)]
  ignore line: [Change Dir: /Users/chengtai/Documents/MOTR/milestones/opencv/CMakeFiles/CMakeTmp]
  ignore line: []
  ignore line: [Run Build Command:/usr/bin/make "cmTryCompileExec781371355/fast"]
  ignore line: [/usr/bin/make -f CMakeFiles/cmTryCompileExec781371355.dir/build.make CMakeFiles/cmTryCompileExec781371355.dir/build]
  ignore line: [/usr/local/Cellar/cmake/2.8.12.2/bin/cmake -E cmake_progress_report /Users/chengtai/Documents/MOTR/milestones/opencv/CMakeFiles/CMakeTmp/CMakeFiles 1]
  ignore line: [Building CXX object CMakeFiles/cmTryCompileExec781371355.dir/CMakeCXXCompilerABI.cpp.o]
  ignore line: [/usr/bin/c++     -o CMakeFiles/cmTryCompileExec781371355.dir/CMakeCXXCompilerABI.cpp.o -c /usr/local/Cellar/cmake/2.8.12.2/share/cmake/Modules/CMakeCXXCompilerABI.cpp]
  ignore line: [Linking CXX executable cmTryCompileExec781371355]
  ignore line: [/usr/local/Cellar/cmake/2.8.12.2/bin/cmake -E cmake_link_script CMakeFiles/cmTryCompileExec781371355.dir/link.txt --verbose=1]
  ignore line: [/usr/bin/c++     -Wl,-search_paths_first -Wl,-headerpad_max_install_names -v -Wl,-v CMakeFiles/cmTryCompileExec781371355.dir/CMakeCXXCompilerABI.cpp.o  -o cmTryCompileExec781371355   ]
  ignore line: [Apple LLVM version 4.2 (clang-425.0.28) (based on LLVM 3.2svn)]
  ignore line: [Target: x86_64-apple-darwin12.2.1]
  ignore line: [Thread model: posix]
  link line: [ "/usr/bin/ld" -demangle -dynamic -arch x86_64 -macosx_version_min 10.8.0 -o cmTryCompileExec781371355 -search_paths_first -headerpad_max_install_names -v CMakeFiles/cmTryCompileExec781371355.dir/CMakeCXXCompilerABI.cpp.o -lstdc++ -lSystem /usr/bin/../lib/clang/4.2/lib/darwin/libclang_rt.osx.a]
    arg [/usr/bin/ld] ==> ignore
    arg [-demangle] ==> ignore
    arg [-dynamic] ==> ignore
    arg [-arch] ==> ignore
    arg [x86_64] ==> ignore
    arg [-macosx_version_min] ==> ignore
    arg [10.8.0] ==> ignore
    arg [-o] ==> ignore
    arg [cmTryCompileExec781371355] ==> ignore
    arg [-search_paths_first] ==> ignore
    arg [-headerpad_max_install_names] ==> ignore
    arg [-v] ==> ignore
    arg [CMakeFiles/cmTryCompileExec781371355.dir/CMakeCXXCompilerABI.cpp.o] ==> ignore
    arg [-lstdc++] ==> lib [stdc++]
    arg [-lSystem] ==> lib [System]
    arg [/usr/bin/../lib/clang/4.2/lib/darwin/libclang_rt.osx.a] ==> lib [/usr/bin/../lib/clang/4.2/lib/darwin/libclang_rt.osx.a]
  Library search paths: [;/usr/lib;/usr/local/lib]
  Framework search paths: [;/Library/Frameworks/;/System/Library/Frameworks/]
  remove lib [System]
  collapse lib [/usr/bin/../lib/clang/4.2/lib/darwin/libclang_rt.osx.a] ==> [/usr/lib/clang/4.2/lib/darwin/libclang_rt.osx.a]
  collapse library dir [/usr/lib] ==> [/usr/lib]
  collapse library dir [/usr/local/lib] ==> [/usr/local/lib]
  collapse framework dir [/Library/Frameworks/] ==> [/Library/Frameworks]
  collapse framework dir [/System/Library/Frameworks/] ==> [/System/Library/Frameworks]
  implicit libs: [stdc++;/usr/lib/clang/4.2/lib/darwin/libclang_rt.osx.a]
  implicit dirs: [/usr/lib;/usr/local/lib]
  implicit fwks: [/Library/Frameworks;/System/Library/Frameworks]


